<?xml version="1.0" encoding="UTF-8"?>
<testng-results ignored="0" total="1" passed="1" failed="0" skipped="0">
  <reporter-output>
  </reporter-output>
  <suite started-at="2023-03-31T10:48:47 BST" name="Surefire suite" finished-at="2023-03-31T10:48:47 BST" duration-ms="13">
    <groups>
    </groups>
    <test started-at="2023-03-31T10:48:47 BST" name="Surefire test" finished-at="2023-03-31T10:48:47 BST" duration-ms="13">
      <class name="com.amplience.AppTest">
        <test-method signature="shouldAnswerWithTrue()" started-at="2023-03-31T10:48:47 BST" name="shouldAnswerWithTrue" finished-at="2023-03-31T10:48:47 BST" duration-ms="2" status="PASS">
          <reporter-output>
          </reporter-output>
        </test-method> <!-- shouldAnswerWithTrue -->
      </class> <!-- com.amplience.AppTest -->
    </test> <!-- Surefire test -->
  </suite> <!-- Surefire suite -->
</testng-results>
