<?xml version="1.0" encoding="UTF-8"?>
<!-- Generated by org.testng.reporters.JUnitXMLReporter -->
<testsuite ignored="0" hostname="Omar-PC" failures="0" tests="4" name="Surefire test" time="1.579" errors="0" timestamp="2023-03-29T22:32:30 BST">
  <testcase classname="com.amplience.AmplienceAPITest" name="ValidateBookHeaders on ValidateBookHeaders(com.amplience.AmplienceAPITest)" time="1.055"/>
  <testcase classname="com.amplience.AmplienceAPITest" name="GetBooksDetails on GetBooksDetails(com.amplience.AmplienceAPITest)" time="1.168"/>
  <testcase classname="com.amplience.AmplienceAPITest" name="IteratingHeaders on IteratingHeaders(com.amplience.AmplienceAPITest)" time="1.558"/>
  <testcase classname="com.amplience.AppTest" name="shouldAnswerWithTrue on shouldAnswerWithTrue(com.amplience.AppTest)" time="0.0"/>
</testsuite> <!-- Surefire test -->
