-------------------------------------------------------------------------------
Test set: TestSuite
-------------------------------------------------------------------------------
Tests run: 3, Failures: 1, Errors: 0, Skipped: 0, Time elapsed: 4.075 s <<< FAILURE! - in TestSuite
testGitHubPage(com.amplience.GitHubPageTest)  Time elapsed: 0.8 s  <<< FAILURE!
java.lang.AssertionError: expected [7] but found [6]
	at com.amplience.GitHubPageTest.testGitHubPage(GitHubPageTest.java:49)

