<?xml version="1.0" encoding="UTF-8"?>
<testsuite xmlns:xsi="http://www.w3.org/2001/XMLSchema-instance" xsi:noNamespaceSchemaLocation="https://maven.apache.org/surefire/maven-surefire-plugin/xsd/surefire-test-report.xsd" name="com.amplience.AmplienceAPITest" time="1.38" tests="3" errors="0" skipped="0" failures="0">
  <properties>
[...]
</properties>
  <testcase name="ValidateBookHeaders" classname="com.amplience.AmplienceAPITest" time="1.049"/>
  <testcase name="GetBooksDetails" classname="com.amplience.AmplienceAPITest" time="0.227"/>
  <testcase name="IteratingHeaders" classname="com.amplience.AmplienceAPITest" time="0.084"/>
</testsuite>